C51 COMPILER V9.60.0.0   MAIN2                                                             06/10/2020 19:00:20 PAGE 1   


C51 COMPILER V9.60.0.0, COMPILATION OF MODULE MAIN2
OBJECT MODULE PLACED IN .\Objects\main2.obj
COMPILER INVOKED BY: C:\Keil_v5\C51\BIN\C51.EXE main2.c OPTIMIZE(8,SPEED) BROWSE DEBUG OBJECTEXTEND PRINT(.\Listings\mai
                    -n2.lst) TABS(2) OBJECT(.\Objects\main2.obj)

line level    source

   1          # include<reg51.h>
   2          #include<stdio.h>
   3          sbit ale=P1^3;  
   4          sbit oe=P1^4; 
   5          sbit sc=P1^6; 
   6          sbit eoc=P1^7;  
   7          sbit clk=P1^5;  
   8          sbit ADDA=P2^7;  //Address pins for selecting input channels.
   9          sbit ADDB=P2^6;
  10          sbit ADDC=P2^5;
  11          #define lcdport P0  //lcd 
  12          sbit rs=P2^0;
  13          sbit rw=P2^1;
  14          sbit en=P2^2;
  15          #define input_port P3  //ADC
  16          int result[3],number;
  17          
  18          void timer0() interrupt 1  // Function to generate clock of frequency 500KHZ using Timer 0 interrupt.
  19          {
  20   1      clk=~clk;
  21   1      }
  22          
  23          void delay(unsigned int count)  
  24          {
  25   1      int i,j;
  26   1      for(i=0;i<count;i++)
  27   1        for(j=0;j<1275;j++);
  28   1      }
  29          
  30          void daten()
  31          {
  32   1          rs=1;
  33   1          rw=0;
  34   1          en=1;
  35   1          delay(1);
  36   1          en=0;
  37   1      }
  38          
  39          void lcd_data(unsigned char ch)
  40          {
  41   1          lcdport=ch & 0xF0;
  42   1          daten();
  43   1          lcdport=ch<<4 & 0xF0;
  44   1          daten();
  45   1      }
  46          
  47          void cmden(void)
  48          {
  49   1          rs=0;
  50   1          en=1;
  51   1          delay(1);
  52   1          en=0;
  53   1      }
  54          
C51 COMPILER V9.60.0.0   MAIN2                                                             06/10/2020 19:00:20 PAGE 2   

  55          void lcdcmd(unsigned char ch)
  56          {
  57   1      
  58   1          lcdport=ch & 0xf0;
  59   1          cmden();
  60   1          lcdport=ch<<4 & 0xF0;
  61   1          cmden();
  62   1      }
  63          
  64          lcdprint(unsigned char *str)  //Function to send string data to LCD.
  65          {
  66   1          while(*str)
  67   1          {
  68   2              lcd_data(*str);
  69   2              str++;
  70   2          }
  71   1      }
  72          
  73          void lcd_ini()  //Function to inisialize the LCD
  74          {
  75   1          lcdcmd(0x02);
  76   1          lcdcmd(0x28);
  77   1          lcdcmd(0x0e);
  78   1          lcdcmd(0x01);
  79   1      }
  80          
  81          void show()
  82          { 
  83   1         sprintf(result,"%d",number);
*** WARNING C182 IN LINE 83 OF main2.c: pointer to different objects
  84   1         lcdprint(result);
*** WARNING C182 IN LINE 84 OF main2.c: pointer to different objects
  85   1         lcdprint("  ");
  86   1      }
  87          
  88          void read_adc()
  89          {
  90   1         number=0;
  91   1         ale=1;
  92   1         sc=1;
  93   1         delay(1);
  94   1         ale=0;
  95   1         sc=0;
  96   1         while(eoc==1);
  97   1         while(eoc==0);
  98   1         oe=1;
  99   1         number=input_port;
 100   1         delay(1);
 101   1         oe=0;
 102   1      }
 103          
 104          void adc(int i)  //Function to drive ADC
 105          {
 106   1      switch(i)
 107   1        {
 108   2         case 0:
 109   2          ADDC=0;  // Selecting input channel IN0 using address lines
 110   2          ADDB=0;
 111   2          ADDA=0;
 112   2          lcdcmd(0xc0);
 113   2          read_adc();
 114   2          show();
C51 COMPILER V9.60.0.0   MAIN2                                                             06/10/2020 19:00:20 PAGE 3   

 115   2          break;
 116   2      
 117   2         case 1:
 118   2          ADDC=0;  // Selecting input channel IN1 using address lines
 119   2          ADDB=0;
 120   2          ADDA=1;
 121   2          lcdcmd(0xc6);
 122   2          read_adc();
 123   2          show();
 124   2         break;
 125   2      
 126   2         case 2:
 127   2          ADDC=0;  // Selecting input channel IN2 using address lines
 128   2          ADDB=1;
 129   2          ADDA=0;
 130   2          lcdcmd(0xcc);
 131   2          read_adc();
 132   2          show();
 133   2          break;
 134   2        }
 135   1      }
 136          
 137          void main()
 138          {
 139   1       int i=0;
 140   1       eoc=1;
 141   1       ale=0;
 142   1       oe=0;
 143   1       sc=0;
 144   1       TMOD=0x02;
 145   1       TH0=0xFD;
 146   1      lcd_ini();
 147   1      lcdprint(" ADC 0808/0809  ");
 148   1      lcdcmd(192);
 149   1      lcdprint("  Interfacing   ");
 150   1      delay(500);
 151   1      lcdcmd(1);
 152   1      lcdprint("Circuit Digest ");
 153   1      lcdcmd(192);
 154   1      lcdprint("System Ready...   ");
 155   1      delay(500);
 156   1      lcdcmd(1);
 157   1      lcdprint("Ch1   Ch2   Ch3 ");
 158   1       IE=0x82;
 159   1       TR0=1;
 160   1      while(1)
 161   1      {
 162   2         for(i=0;i<3;i++)
 163   2         {
 164   3           adc(i);
 165   3           number=0;
 166   3         }
 167   2      }
 168   1      }
*** WARNING C290 IN LINE 71 OF main2.c: missing return value


MODULE INFORMATION:   STATIC OVERLAYABLE
   CODE SIZE        =    421    ----
   CONSTANT SIZE    =     92    ----
   XDATA SIZE       =   ----    ----
   PDATA SIZE       =   ----    ----
C51 COMPILER V9.60.0.0   MAIN2                                                             06/10/2020 19:00:20 PAGE 4   

   DATA SIZE        =      8       5
   IDATA SIZE       =   ----    ----
   BIT SIZE         =   ----    ----
END OF MODULE INFORMATION.


C51 COMPILATION COMPLETE.  3 WARNING(S),  0 ERROR(S)
