C51 COMPILER V9.60.0.0   MAIN                                                              06/09/2020 23:09:29 PAGE 1   


C51 COMPILER V9.60.0.0, COMPILATION OF MODULE MAIN
OBJECT MODULE PLACED IN .\Objects\main.obj
COMPILER INVOKED BY: C:\Keil_v5\C51\BIN\C51.EXE main.c OPTIMIZE(8,SPEED) BROWSE DEBUG OBJECTEXTEND PRINT(.\Listings\main
                    -.lst) TABS(2) OBJECT(.\Objects\main.obj)

line level    source

   1          #include<reg51.h>
   2          #include<string.h>
   3          
   4          #define LCD P2
   5          
   6          sbit rs = P3^0;
   7          sbit rw = P3^1;
   8          sbit e  = P3^2;
   9          
  10          void Delay(unsigned int i){
  11   1          int j,k;
  12   1          for(j=0;j<i;j++)
  13   1              for(k=0;k<1275;k++);
  14   1      }
  15          
  16          void Lcd_Command(const char command){
  17   1          rs=0;
  18   1          rw=0;
  19   1          e=1;
  20   1          LCD=command;
  21   1          Delay(1);
  22   1          e=0;
  23   1      }
  24          
  25          void LcdInit(void){
  26   1          Lcd_Command(0x01);          //to clear the LCD
  27   1          Lcd_Command(0x38);          //selecting the 8bit mode and 2 lines
  28   1          Lcd_Command(0x06);          //Increment cursor (shift towards right)
  29   1          Lcd_Command(0x0c);          //Display on and cursor off
  30   1      }
  31          
  32          void display_message(const char *message){
  33   1          rs=1;
  34   1          rw=0;
  35   1          while(*message!='\0'){
  36   2              e=1;
  37   2              LCD = *message;
  38   2              Delay(1);
  39   2              e=0;
  40   2              message++;
  41   2          }
  42   1      }
  43          
  44          int main(){
  45   1          short siLoop=0;
  46   1          short siLen=0;
  47   1          const char *message="Hello World!";
  48   1      
  49   1          siLen=strlen(message);
  50   1      
  51   1          LcdInit();
  52   1      
  53   1          while(1){
  54   2              Lcd_Command(0x8f);
C51 COMPILER V9.60.0.0   MAIN                                                              06/09/2020 23:09:29 PAGE 2   

  55   2              display_message(message);
  56   2      
  57   2              for(siLoop=0;siLoop<siLen;siLoop++){
  58   3                  Lcd_Command(0x1c);
  59   3                  Delay(25);
  60   3              }
  61   2          }
  62   1      }


MODULE INFORMATION:   STATIC OVERLAYABLE
   CODE SIZE        =    207    ----
   CONSTANT SIZE    =     13    ----
   XDATA SIZE       =   ----    ----
   PDATA SIZE       =   ----    ----
   DATA SIZE        =   ----      10
   IDATA SIZE       =   ----    ----
   BIT SIZE         =   ----    ----
END OF MODULE INFORMATION.


C51 COMPILATION COMPLETE.  0 WARNING(S),  0 ERROR(S)
